Arguments: 
  C:\Program Files\nodejs\node.exe C:\Program Files (x86)\Yarn\bin\yarn.js add classnames

PATH: 
  C:\WINDOWS\system32;C:\WINDOWS;C:\WINDOWS\System32\Wbem;C:\WINDOWS\System32\WindowsPowerShell\v1.0\;C:\Program Files (x86)\Yarn\bin;C:\Program Files\Git\cmd;C:\Program Files\nodejs\;C:\Users\DAVID\AppData\Local\Yarn\bin;C:\Program Files\Microsoft VS Code\bin;C:\Users\DAVID\AppData\Roaming\npm;C:\Users\DAVID\AppData\Local\atom\bin

Yarn version: 
  1.3.2

Node version: 
  8.9.4

Platform: 
  win32 x64

npm manifest: 
  {
    "name": "KTT",
    "version": "1.0.0",
    "description": "KTT Project 2018",
    "main": "index.js",
    "license": "MIT",
    "engines": {
      "node": "8.9.4",
      "yarn": "1.3.2"
    },
    "dependencies": {
      "@zeit/next-css": "^0.0.7",
      "@zeit/next-sass": "^0.0.9",
      "apollo-client-preset": "^1.0.8",
      "authy": "^1.3.0",
      "axios": "^0.18.0",
      "bootstrap": "4.0.0",
      "express": "^4.16.2",
      "graphql": "^0.13.0",
      "graphql-anywhere": "^4.1.5",
      "graphql-request": "^1.4.1",
      "graphql-tag": "^2.7.3",
      "isomorphic-unfetch": "^2.0.0",
      "material-ui": "^0.20.0",
      "next": "^4.2.3",
      "prop-types": "^15.6.0",
      "react": "^16.2.0",
      "react-apollo": "^2.0.4",
      "react-bootstrap": "^0.32.1",
      "react-countdown-clock": "^2.1.0",
      "react-countdown-now": "^1.3.0",
      "react-dom": "^16.2.0",
      "react-event-timeline": "^1.4.1",
      "react-icons": "^2.2.7",
      "react-images": "^0.5.17",
      "react-live-clock": "^2.0.2",
      "react-load-script": "^0.0.6",
      "react-marquee": "^0.1.1",
      "react-modal": "^3.3.1",
      "react-modal-video": "^1.1.1",
      "react-slick": "^0.17.1",
      "react-tap-event-plugin": "^3.0.2",
      "react-text-marquee": "^1.0.1",
      "react-transition-group": "^2.2.1",
      "reactstrap": "^5.0.0-beta",
      "recharts": "^1.0.0-beta.10"
    },
    "scripts": {
      "dev": "nodemon index.js",
      "build": "next build",
      "heroku-postbuild": "next build",
      "start": "NODE_ENV=production node server.js",
      "start-win": "set NODE_ENV=production && node server.js",
      "export": "next export"
    },
    "devDependencies": {
      "nodemon": "^1.14.11"
    }
  }

yarn manifest: 
  No manifest

Lockfile: 
  No lockfile

Trace: 
  Error: getaddrinfo ENOTFOUND registry.yarnpkg.com registry.yarnpkg.com:443
      at errnoException (dns.js:50:10)
      at GetAddrInfoReqWrap.onlookup [as oncomplete] (dns.js:92:26)
